<?xml version="1.0" encoding="UTF-8"?>
<testng-results skipped="0" failed="0" total="1" passed="1">
  <reporter-output>
  </reporter-output>
  <suite name="Default suite" duration-ms="21172" started-at="2016-02-02T09:21:52Z" finished-at="2016-02-02T09:22:14Z">
    <groups>
    </groups>
    <test name="Default test" duration-ms="21172" started-at="2016-02-02T09:21:52Z" finished-at="2016-02-02T09:22:14Z">
      <class name="framework.reflectkeyword">
        <test-method status="PASS" signature="reflectionlogintest()[pri:0, instance:framework.reflectkeyword@17889e9]" name="reflectionlogintest" duration-ms="21153" started-at="2016-02-02T14:51:52Z" finished-at="2016-02-02T14:52:14Z">
          <reporter-output>
          </reporter-output>
        </test-method> <!-- reflectionlogintest -->
      </class> <!-- framework.reflectkeyword -->
    </test> <!-- Default test -->
  </suite> <!-- Default suite -->
</testng-results>
